
ROM used: 142 (2%)
          142 (2%) including unused fragments

          0 Average locations per line
          8 Average locations per statement

RAM used: 11 (3%) at main() level
          12 (3%) worst case

Stack used: 1 worst case (out of 8 total available)

Lines Stmts  %   Files
----- ----- ---  -----
   39    18 100  lab_example.c
  411     0   0  C:\Program Files (x86)\PICC\devices\16f887.h
----- -----
  450    18 Total

Page ROM  %  RAM   Vol Diff  Functions:
---- --- --- ---   --- ----  ----------
0     22  15   1             @delay_ms1
0     14  10   0             @const56
0    102  72   1   533  4.8  main

Program metrics:
    Functions               1
    Statements              18
    Comments                84
    Volume (V)              538
    Difficilty (D)          4.5
    Effort to implement (E) 2442
    Time to implement (T)   2 minutes
    Est Delivered Bugs (B)  0
    Cyclomatic Complexity   3
    Maintainability (MI)    141

 Segment     Used  Free
-----------  ----  ----
00000-00003     4  0  
00004-007FF   138  1906  
00800-00FFF     0  2048  
01000-017FF     0  2048  
01800-01FFF     0  2048  



